e:\code\github\cpp-proj\games\tetris\bin-int\debug-windows-win-64\tetris\vc142.pdb
e:\code\github\cpp-proj\games\tetris\bin-int\debug-windows-win-64\tetris\vc142.idb
e:\code\github\cpp-proj\games\tetris\bin-int\debug-windows-win-64\tetris\polyz.obj
e:\code\github\cpp-proj\games\tetris\bin-int\debug-windows-win-64\tetris\polyt.obj
e:\code\github\cpp-proj\games\tetris\bin-int\debug-windows-win-64\tetris\polys.obj
e:\code\github\cpp-proj\games\tetris\bin-int\debug-windows-win-64\tetris\polyo.obj
e:\code\github\cpp-proj\games\tetris\bin-int\debug-windows-win-64\tetris\polyl.obj
e:\code\github\cpp-proj\games\tetris\bin-int\debug-windows-win-64\tetris\polyj.obj
e:\code\github\cpp-proj\games\tetris\bin-int\debug-windows-win-64\tetris\polyi.obj
e:\code\github\cpp-proj\games\tetris\bin-int\debug-windows-win-64\tetris\tetrislogic.obj
e:\code\github\cpp-proj\games\tetris\bin-int\debug-windows-win-64\tetris\tetrisboard.obj
e:\code\github\cpp-proj\games\tetris\bin-int\debug-windows-win-64\tetris\tetrisbase.obj
e:\code\github\cpp-proj\games\tetris\bin-int\debug-windows-win-64\tetris\tetris.obj
e:\code\github\cpp-proj\games\tetris\bin-int\debug-windows-win-64\tetris\tetromino.obj
e:\code\github\cpp-proj\games\tetris\bin-int\debug-windows-win-64\tetris\tetris.tlog\cl.read.1.tlog
e:\code\github\cpp-proj\games\tetris\bin-int\debug-windows-win-64\tetris\tetris.tlog\cl.write.1.tlog
e:\code\github\cpp-proj\games\tetris\bin-int\debug-windows-win-64\tetris\tetris.tlog\cl.command.1.tlog
e:\code\github\cpp-proj\games\tetris\bin-int\debug-windows-win-64\tetris\tetris.tlog\link.read.1.tlog
e:\code\github\cpp-proj\games\tetris\bin-int\debug-windows-win-64\tetris\tetris.tlog\link.write.1.tlog
e:\code\github\cpp-proj\games\tetris\bin-int\debug-windows-win-64\tetris\tetris.tlog\link.command.1.tlog
e:\code\github\cpp-proj\games\tetris\bin-int\debug-windows-win-64\tetris\tetris.tlog\link.19840-rc.read.1.tlog
e:\code\github\cpp-proj\games\tetris\bin-int\debug-windows-win-64\tetris\tetris.tlog\link.19840-rc.write.1.tlog
e:\code\github\cpp-proj\games\tetris\bin-int\debug-windows-win-64\tetris\tetris.tlog\link.19840-cvtres.read.1.tlog
e:\code\github\cpp-proj\games\tetris\bin-int\debug-windows-win-64\tetris\tetris.tlog\link.19840-cvtres.write.1.tlog
e:\code\github\cpp-proj\games\tetris\bin-int\debug-windows-win-64\tetris\tetris.tlog\link.19840.read.1.tlog
e:\code\github\cpp-proj\games\tetris\bin-int\debug-windows-win-64\tetris\tetris.tlog\link.19840.write.1.tlog
e:\code\github\cpp-proj\games\tetris\bin-int\debug-windows-win-64\tetris\tetris.tlog\link-rc.read.1.tlog
e:\code\github\cpp-proj\games\tetris\bin-int\debug-windows-win-64\tetris\tetris.tlog\link-rc.write.1.tlog
e:\code\github\cpp-proj\games\tetris\bin-int\debug-windows-win-64\tetris\tetris.tlog\link-cvtres.read.1.tlog
e:\code\github\cpp-proj\games\tetris\bin-int\debug-windows-win-64\tetris\tetris.tlog\link-cvtres.write.1.tlog
